This file contains any messages produced by compilers while
running configure, to aid debugging if configure makes a mistake.

It was created by cryptkeeper configure 0.9.5, which was
generated by GNU Autoconf 2.69.  Invocation command line was

  $ ./configure --prefix=/home/jrs/.local

## --------- ##
## Platform. ##
## --------- ##

hostname = t430
uname -m = x86_64
uname -r = 4.19.12-106.current
uname -s = Linux
uname -v = #1 SMP PREEMPT Thu Dec 27 17:26:34 UTC 2018

/usr/bin/uname -p = unknown
/bin/uname -X     = unknown

/bin/arch              = x86_64
/usr/bin/arch -k       = unknown
/usr/convex/getsysinfo = unknown
/usr/bin/hostinfo      = unknown
/bin/machine           = unknown
/usr/bin/oslevel       = unknown
/bin/universe          = unknown

PATH: /sbin
PATH: /bin
PATH: /usr/sbin
PATH: /usr/bin
PATH: /snap/bin


## ----------- ##
## Core tests. ##
## ----------- ##

configure:2234: checking for a BSD-compatible install
configure:2302: result: /usr/bin/install -c
configure:2313: checking whether build environment is sane
configure:2368: result: yes
configure:2519: checking for a thread-safe mkdir -p
configure:2558: result: /bin/mkdir -p
configure:2565: checking for gawk
configure:2581: found /usr/bin/gawk
configure:2592: result: gawk
configure:2603: checking whether make sets $(MAKE)
configure:2625: result: yes
configure:2654: checking whether make supports nested variables
configure:2671: result: yes
configure:2846: checking for gcc
configure:2862: found /usr/bin/gcc
configure:2873: result: gcc
configure:3102: checking for C compiler version
configure:3111: gcc --version >&5
gcc (Solus) 8.2.0
Copyright (C) 2018 Free Software Foundation, Inc.
This is free software; see the source for copying conditions.  There is NO
warranty; not even for MERCHANTABILITY or FITNESS FOR A PARTICULAR PURPOSE.

configure:3122: $? = 0
configure:3111: gcc -v >&5
Using built-in specs.
COLLECT_GCC=gcc
COLLECT_LTO_WRAPPER=/usr/lib64/gcc/x86_64-solus-linux/8.2.0/lto-wrapper
Target: x86_64-solus-linux
Configured with: ../configure --prefix=/usr --with-pkgversion=Solus --libdir=/usr/lib64 --libexecdir=/usr/lib64 --with-system-zlib --enable-shared --enable-threads=posix --enable-gnu-indirect-function --enable-__cxa_atexit --enable-plugin --enable-gold --enable-ld=default --enable-clocale=gnu --enable-multilib --with-multilib-list=m32,m64 --enable-lto --with-bugurl=https://dev.solus-project.com/ --with-arch_32=i686 --enable-linker-build-id --with-linker-hash-style=gnu --with-gnu-ld --build=x86_64-solus-linux --target=x86_64-solus-linux --enable-languages=c,c++,fortran
Thread model: posix
gcc version 8.2.0 (Solus) 
configure:3122: $? = 0
configure:3111: gcc -V >&5
gcc: error: unrecognized command line option '-V'
gcc: fatal error: no input files
compilation terminated.
configure:3122: $? = 1
configure:3111: gcc -qversion >&5
gcc: error: unrecognized command line option '-qversion'; did you mean '--version'?
gcc: fatal error: no input files
compilation terminated.
configure:3122: $? = 1
configure:3142: checking whether the C compiler works
configure:3164: gcc    conftest.c  >&5
configure:3168: $? = 0
configure:3216: result: yes
configure:3219: checking for C compiler default output file name
configure:3221: result: a.out
configure:3227: checking for suffix of executables
configure:3234: gcc -o conftest    conftest.c  >&5
configure:3238: $? = 0
configure:3260: result: 
configure:3282: checking whether we are cross compiling
configure:3290: gcc -o conftest    conftest.c  >&5
configure:3294: $? = 0
configure:3301: ./conftest
configure:3305: $? = 0
configure:3320: result: no
configure:3325: checking for suffix of object files
configure:3347: gcc -c   conftest.c >&5
configure:3351: $? = 0
configure:3372: result: o
configure:3376: checking whether we are using the GNU C compiler
configure:3395: gcc -c   conftest.c >&5
configure:3395: $? = 0
configure:3404: result: yes
configure:3413: checking whether gcc accepts -g
configure:3433: gcc -c -g  conftest.c >&5
configure:3433: $? = 0
configure:3474: result: yes
configure:3491: checking for gcc option to accept ISO C89
configure:3554: gcc  -c -g -O2  conftest.c >&5
configure:3554: $? = 0
configure:3567: result: none needed
configure:3592: checking whether gcc understands -c and -o together
configure:3614: gcc -c conftest.c -o conftest2.o
configure:3617: $? = 0
configure:3614: gcc -c conftest.c -o conftest2.o
configure:3617: $? = 0
configure:3629: result: yes
configure:3649: checking whether make supports the include directive
configure:3664: make -f confmf.GNU && cat confinc.out
this is the am__doit target
configure:3667: $? = 0
configure:3686: result: yes (GNU style)
configure:3711: checking dependency style of gcc
configure:3822: result: gcc3
configure:3843: checking how to run the C preprocessor
configure:3874: gcc -E  conftest.c
configure:3874: $? = 0
configure:3888: gcc -E  conftest.c
conftest.c:11:10: fatal error: ac_nonexistent.h: No such file or directory
 #include <ac_nonexistent.h>
          ^~~~~~~~~~~~~~~~~~
compilation terminated.
configure:3888: $? = 1
configure: failed program was:
| /* confdefs.h */
| #define PACKAGE_NAME "cryptkeeper"
| #define PACKAGE_TARNAME "cryptkeeper"
| #define PACKAGE_VERSION "0.9.5"
| #define PACKAGE_STRING "cryptkeeper 0.9.5"
| #define PACKAGE_BUGREPORT "tomm@riseup.net"
| #define PACKAGE_URL ""
| #define PACKAGE "cryptkeeper"
| #define VERSION "0.9.5"
| /* end confdefs.h.  */
| #include <ac_nonexistent.h>
configure:3913: result: gcc -E
configure:3933: gcc -E  conftest.c
configure:3933: $? = 0
configure:3947: gcc -E  conftest.c
conftest.c:11:10: fatal error: ac_nonexistent.h: No such file or directory
 #include <ac_nonexistent.h>
          ^~~~~~~~~~~~~~~~~~
compilation terminated.
configure:3947: $? = 1
configure: failed program was:
| /* confdefs.h */
| #define PACKAGE_NAME "cryptkeeper"
| #define PACKAGE_TARNAME "cryptkeeper"
| #define PACKAGE_VERSION "0.9.5"
| #define PACKAGE_STRING "cryptkeeper 0.9.5"
| #define PACKAGE_BUGREPORT "tomm@riseup.net"
| #define PACKAGE_URL ""
| #define PACKAGE "cryptkeeper"
| #define VERSION "0.9.5"
| /* end confdefs.h.  */
| #include <ac_nonexistent.h>
configure:3976: checking for grep that handles long lines and -e
configure:4034: result: /bin/grep
configure:4039: checking for egrep
configure:4101: result: /bin/grep -E
configure:4106: checking for ANSI C header files
configure:4126: gcc -c -g -O2  conftest.c >&5
configure:4126: $? = 0
configure:4199: gcc -o conftest -g -O2   conftest.c  >&5
configure:4199: $? = 0
configure:4199: ./conftest
configure:4199: $? = 0
configure:4210: result: yes
configure:4223: checking for sys/types.h
configure:4223: gcc -c -g -O2  conftest.c >&5
configure:4223: $? = 0
configure:4223: result: yes
configure:4223: checking for sys/stat.h
configure:4223: gcc -c -g -O2  conftest.c >&5
configure:4223: $? = 0
configure:4223: result: yes
configure:4223: checking for stdlib.h
configure:4223: gcc -c -g -O2  conftest.c >&5
configure:4223: $? = 0
configure:4223: result: yes
configure:4223: checking for string.h
configure:4223: gcc -c -g -O2  conftest.c >&5
configure:4223: $? = 0
configure:4223: result: yes
configure:4223: checking for memory.h
configure:4223: gcc -c -g -O2  conftest.c >&5
configure:4223: $? = 0
configure:4223: result: yes
configure:4223: checking for strings.h
configure:4223: gcc -c -g -O2  conftest.c >&5
configure:4223: $? = 0
configure:4223: result: yes
configure:4223: checking for inttypes.h
configure:4223: gcc -c -g -O2  conftest.c >&5
configure:4223: $? = 0
configure:4223: result: yes
configure:4223: checking for stdint.h
configure:4223: gcc -c -g -O2  conftest.c >&5
configure:4223: $? = 0
configure:4223: result: yes
configure:4223: checking for unistd.h
configure:4223: gcc -c -g -O2  conftest.c >&5
configure:4223: $? = 0
configure:4223: result: yes
configure:4236: checking minix/config.h usability
configure:4236: gcc -c -g -O2  conftest.c >&5
conftest.c:54:10: fatal error: minix/config.h: No such file or directory
 #include <minix/config.h>
          ^~~~~~~~~~~~~~~~
compilation terminated.
configure:4236: $? = 1
configure: failed program was:
| /* confdefs.h */
| #define PACKAGE_NAME "cryptkeeper"
| #define PACKAGE_TARNAME "cryptkeeper"
| #define PACKAGE_VERSION "0.9.5"
| #define PACKAGE_STRING "cryptkeeper 0.9.5"
| #define PACKAGE_BUGREPORT "tomm@riseup.net"
| #define PACKAGE_URL ""
| #define PACKAGE "cryptkeeper"
| #define VERSION "0.9.5"
| #define STDC_HEADERS 1
| #define HAVE_SYS_TYPES_H 1
| #define HAVE_SYS_STAT_H 1
| #define HAVE_STDLIB_H 1
| #define HAVE_STRING_H 1
| #define HAVE_MEMORY_H 1
| #define HAVE_STRINGS_H 1
| #define HAVE_INTTYPES_H 1
| #define HAVE_STDINT_H 1
| #define HAVE_UNISTD_H 1
| /* end confdefs.h.  */
| #include <stdio.h>
| #ifdef HAVE_SYS_TYPES_H
| # include <sys/types.h>
| #endif
| #ifdef HAVE_SYS_STAT_H
| # include <sys/stat.h>
| #endif
| #ifdef STDC_HEADERS
| # include <stdlib.h>
| # include <stddef.h>
| #else
| # ifdef HAVE_STDLIB_H
| #  include <stdlib.h>
| # endif
| #endif
| #ifdef HAVE_STRING_H
| # if !defined STDC_HEADERS && defined HAVE_MEMORY_H
| #  include <memory.h>
| # endif
| # include <string.h>
| #endif
| #ifdef HAVE_STRINGS_H
| # include <strings.h>
| #endif
| #ifdef HAVE_INTTYPES_H
| # include <inttypes.h>
| #endif
| #ifdef HAVE_STDINT_H
| # include <stdint.h>
| #endif
| #ifdef HAVE_UNISTD_H
| # include <unistd.h>
| #endif
| #include <minix/config.h>
configure:4236: result: no
configure:4236: checking minix/config.h presence
configure:4236: gcc -E  conftest.c
conftest.c:21:10: fatal error: minix/config.h: No such file or directory
 #include <minix/config.h>
          ^~~~~~~~~~~~~~~~
compilation terminated.
configure:4236: $? = 1
configure: failed program was:
| /* confdefs.h */
| #define PACKAGE_NAME "cryptkeeper"
| #define PACKAGE_TARNAME "cryptkeeper"
| #define PACKAGE_VERSION "0.9.5"
| #define PACKAGE_STRING "cryptkeeper 0.9.5"
| #define PACKAGE_BUGREPORT "tomm@riseup.net"
| #define PACKAGE_URL ""
| #define PACKAGE "cryptkeeper"
| #define VERSION "0.9.5"
| #define STDC_HEADERS 1
| #define HAVE_SYS_TYPES_H 1
| #define HAVE_SYS_STAT_H 1
| #define HAVE_STDLIB_H 1
| #define HAVE_STRING_H 1
| #define HAVE_MEMORY_H 1
| #define HAVE_STRINGS_H 1
| #define HAVE_INTTYPES_H 1
| #define HAVE_STDINT_H 1
| #define HAVE_UNISTD_H 1
| /* end confdefs.h.  */
| #include <minix/config.h>
configure:4236: result: no
configure:4236: checking for minix/config.h
configure:4236: result: no
configure:4257: checking whether it is safe to define __EXTENSIONS__
configure:4275: gcc -c -g -O2  conftest.c >&5
configure:4275: $? = 0
configure:4282: result: yes
configure:4355: checking for g++
configure:4371: found /usr/bin/g++
configure:4382: result: g++
configure:4409: checking for C++ compiler version
configure:4418: g++ --version >&5
g++ (Solus) 8.2.0
Copyright (C) 2018 Free Software Foundation, Inc.
This is free software; see the source for copying conditions.  There is NO
warranty; not even for MERCHANTABILITY or FITNESS FOR A PARTICULAR PURPOSE.

configure:4429: $? = 0
configure:4418: g++ -v >&5
Using built-in specs.
COLLECT_GCC=g++
COLLECT_LTO_WRAPPER=/usr/lib64/gcc/x86_64-solus-linux/8.2.0/lto-wrapper
Target: x86_64-solus-linux
Configured with: ../configure --prefix=/usr --with-pkgversion=Solus --libdir=/usr/lib64 --libexecdir=/usr/lib64 --with-system-zlib --enable-shared --enable-threads=posix --enable-gnu-indirect-function --enable-__cxa_atexit --enable-plugin --enable-gold --enable-ld=default --enable-clocale=gnu --enable-multilib --with-multilib-list=m32,m64 --enable-lto --with-bugurl=https://dev.solus-project.com/ --with-arch_32=i686 --enable-linker-build-id --with-linker-hash-style=gnu --with-gnu-ld --build=x86_64-solus-linux --target=x86_64-solus-linux --enable-languages=c,c++,fortran
Thread model: posix
gcc version 8.2.0 (Solus) 
configure:4429: $? = 0
configure:4418: g++ -V >&5
g++: error: unrecognized command line option '-V'
g++: fatal error: no input files
compilation terminated.
configure:4429: $? = 1
configure:4418: g++ -qversion >&5
g++: error: unrecognized command line option '-qversion'; did you mean '--version'?
g++: fatal error: no input files
compilation terminated.
configure:4429: $? = 1
configure:4433: checking whether we are using the GNU C++ compiler
configure:4452: g++ -c   conftest.cpp >&5
configure:4452: $? = 0
configure:4461: result: yes
configure:4470: checking whether g++ accepts -g
configure:4490: g++ -c -g  conftest.cpp >&5
configure:4490: $? = 0
configure:4531: result: yes
configure:4556: checking dependency style of g++
configure:4667: result: gcc3
configure:4682: checking for an ANSI C-conforming const
configure:4748: gcc -c -g -O2  conftest.c >&5
configure:4748: $? = 0
configure:4755: result: yes
configure:4763: checking for ANSI C header files
configure:4867: result: yes
configure:4884: checking whether NLS is requested
configure:4893: result: yes
configure:4931: checking for msgfmt
configure: trying /usr/bin/msgfmt...
0 translated messages.
configure:4963: result: /usr/bin/msgfmt
configure:4972: checking for gmsgfmt
configure:5003: result: /usr/bin/msgfmt
configure:5054: checking for xgettext
configure: trying /usr/bin/xgettext...
/usr/bin/xgettext: warning: file '/dev/null' extension '' is unknown; will try C
configure:5086: result: /usr/bin/xgettext
configure:5132: checking for msgmerge
configure: trying /usr/bin/msgmerge...
configure:5163: result: /usr/bin/msgmerge
configure:5197: checking build system type
configure:5211: result: x86_64-pc-linux-gnu
configure:5231: checking host system type
configure:5244: result: x86_64-pc-linux-gnu
configure:5288: checking for ld used by GCC
configure:5352: result: /usr/bin/ld
configure:5359: checking if the linker (/usr/bin/ld) is GNU ld
configure:5372: result: yes
configure:5379: checking for shared library run path origin
configure:5392: result: done
configure:5849: checking for CFPreferencesCopyAppValue
configure:5867: gcc -o conftest -g -O2   conftest.c  -Wl,-framework -Wl,CoreFoundation >&5
conftest.c:27:10: fatal error: CoreFoundation/CFPreferences.h: No such file or directory
 #include <CoreFoundation/CFPreferences.h>
          ^~~~~~~~~~~~~~~~~~~~~~~~~~~~~~~~
compilation terminated.
configure:5867: $? = 1
configure: failed program was:
| /* confdefs.h */
| #define PACKAGE_NAME "cryptkeeper"
| #define PACKAGE_TARNAME "cryptkeeper"
| #define PACKAGE_VERSION "0.9.5"
| #define PACKAGE_STRING "cryptkeeper 0.9.5"
| #define PACKAGE_BUGREPORT "tomm@riseup.net"
| #define PACKAGE_URL ""
| #define PACKAGE "cryptkeeper"
| #define VERSION "0.9.5"
| #define STDC_HEADERS 1
| #define HAVE_SYS_TYPES_H 1
| #define HAVE_SYS_STAT_H 1
| #define HAVE_STDLIB_H 1
| #define HAVE_STRING_H 1
| #define HAVE_MEMORY_H 1
| #define HAVE_STRINGS_H 1
| #define HAVE_INTTYPES_H 1
| #define HAVE_STDINT_H 1
| #define HAVE_UNISTD_H 1
| #define __EXTENSIONS__ 1
| #define _ALL_SOURCE 1
| #define _GNU_SOURCE 1
| #define _POSIX_PTHREAD_SEMANTICS 1
| #define _TANDEM_SOURCE 1
| #define STDC_HEADERS 1
| /* end confdefs.h.  */
| #include <CoreFoundation/CFPreferences.h>
| int
| main ()
| {
| CFPreferencesCopyAppValue(NULL, NULL)
|   ;
|   return 0;
| }
configure:5876: result: no
configure:5883: checking for CFLocaleCopyCurrent
configure:5901: gcc -o conftest -g -O2   conftest.c  -Wl,-framework -Wl,CoreFoundation >&5
conftest.c:27:10: fatal error: CoreFoundation/CFLocale.h: No such file or directory
 #include <CoreFoundation/CFLocale.h>
          ^~~~~~~~~~~~~~~~~~~~~~~~~~~
compilation terminated.
configure:5901: $? = 1
configure: failed program was:
| /* confdefs.h */
| #define PACKAGE_NAME "cryptkeeper"
| #define PACKAGE_TARNAME "cryptkeeper"
| #define PACKAGE_VERSION "0.9.5"
| #define PACKAGE_STRING "cryptkeeper 0.9.5"
| #define PACKAGE_BUGREPORT "tomm@riseup.net"
| #define PACKAGE_URL ""
| #define PACKAGE "cryptkeeper"
| #define VERSION "0.9.5"
| #define STDC_HEADERS 1
| #define HAVE_SYS_TYPES_H 1
| #define HAVE_SYS_STAT_H 1
| #define HAVE_STDLIB_H 1
| #define HAVE_STRING_H 1
| #define HAVE_MEMORY_H 1
| #define HAVE_STRINGS_H 1
| #define HAVE_INTTYPES_H 1
| #define HAVE_STDINT_H 1
| #define HAVE_UNISTD_H 1
| #define __EXTENSIONS__ 1
| #define _ALL_SOURCE 1
| #define _GNU_SOURCE 1
| #define _POSIX_PTHREAD_SEMANTICS 1
| #define _TANDEM_SOURCE 1
| #define STDC_HEADERS 1
| /* end confdefs.h.  */
| #include <CoreFoundation/CFLocale.h>
| int
| main ()
| {
| CFLocaleCopyCurrent();
|   ;
|   return 0;
| }
configure:5910: result: no
configure:5959: checking for GNU gettext in libc
configure:5979: gcc -o conftest -g -O2   conftest.c  >&5
configure:5979: $? = 0
configure:5988: result: yes
configure:6594: checking whether to use NLS
configure:6596: result: yes
configure:6599: checking where the gettext function comes from
configure:6610: result: libc
configure:6724: checking for pkg-config
configure:6742: found /usr/bin/pkg-config
configure:6754: result: /usr/bin/pkg-config
configure:6779: checking pkg-config is at least version 0.9.0
configure:6782: result: yes
configure:6792: checking for gtk+-2.0 >= 2.8 gconf-2.0
configure:6799: $PKG_CONFIG --exists --print-errors "gtk+-2.0 >= 2.8 gconf-2.0"
configure:6802: $? = 0
configure:6816: $PKG_CONFIG --exists --print-errors "gtk+-2.0 >= 2.8 gconf-2.0"
configure:6819: $? = 0
configure:6877: result: yes
configure:7002: checking that generated files are newer than configure
configure:7008: result: done
configure:7035: creating ./config.status

## ---------------------- ##
## Running config.status. ##
## ---------------------- ##

This file was extended by cryptkeeper config.status 0.9.5, which was
generated by GNU Autoconf 2.69.  Invocation command line was

  CONFIG_FILES    = 
  CONFIG_HEADERS  = 
  CONFIG_LINKS    = 
  CONFIG_COMMANDS = 
  $ ./config.status 

on t430

config.status:916: creating Makefile
config.status:916: creating src/Makefile
config.status:916: creating po/Makefile.in
config.status:916: creating config.h
config.status:1145: executing depfiles commands
config.status:1222: cd src       && sed -e '/# am--include-marker/d' Makefile         | make -f - am--depfiles
config.status:1227: $? = 0
config.status:1145: executing po-directories commands

## ---------------- ##
## Cache variables. ##
## ---------------- ##

ac_cv_build=x86_64-pc-linux-gnu
ac_cv_c_compiler_gnu=yes
ac_cv_c_const=yes
ac_cv_cxx_compiler_gnu=yes
ac_cv_env_CCC_set=
ac_cv_env_CCC_value=
ac_cv_env_CC_set=
ac_cv_env_CC_value=
ac_cv_env_CFLAGS_set=
ac_cv_env_CFLAGS_value=
ac_cv_env_CPPFLAGS_set=
ac_cv_env_CPPFLAGS_value=
ac_cv_env_CPP_set=
ac_cv_env_CPP_value=
ac_cv_env_CXXFLAGS_set=
ac_cv_env_CXXFLAGS_value=
ac_cv_env_CXX_set=
ac_cv_env_CXX_value=
ac_cv_env_DEP_CFLAGS_set=
ac_cv_env_DEP_CFLAGS_value=
ac_cv_env_DEP_LIBS_set=
ac_cv_env_DEP_LIBS_value=
ac_cv_env_LDFLAGS_set=
ac_cv_env_LDFLAGS_value=
ac_cv_env_LIBS_set=
ac_cv_env_LIBS_value=
ac_cv_env_PKG_CONFIG_LIBDIR_set=
ac_cv_env_PKG_CONFIG_LIBDIR_value=
ac_cv_env_PKG_CONFIG_PATH_set=
ac_cv_env_PKG_CONFIG_PATH_value=
ac_cv_env_PKG_CONFIG_set=
ac_cv_env_PKG_CONFIG_value=
ac_cv_env_build_alias_set=
ac_cv_env_build_alias_value=
ac_cv_env_host_alias_set=
ac_cv_env_host_alias_value=
ac_cv_env_target_alias_set=
ac_cv_env_target_alias_value=
ac_cv_header_inttypes_h=yes
ac_cv_header_memory_h=yes
ac_cv_header_minix_config_h=no
ac_cv_header_stdc=yes
ac_cv_header_stdint_h=yes
ac_cv_header_stdlib_h=yes
ac_cv_header_string_h=yes
ac_cv_header_strings_h=yes
ac_cv_header_sys_stat_h=yes
ac_cv_header_sys_types_h=yes
ac_cv_header_unistd_h=yes
ac_cv_host=x86_64-pc-linux-gnu
ac_cv_objext=o
ac_cv_path_EGREP='/bin/grep -E'
ac_cv_path_GMSGFMT=/usr/bin/msgfmt
ac_cv_path_GREP=/bin/grep
ac_cv_path_MSGFMT=/usr/bin/msgfmt
ac_cv_path_MSGMERGE=/usr/bin/msgmerge
ac_cv_path_XGETTEXT=/usr/bin/xgettext
ac_cv_path_ac_pt_PKG_CONFIG=/usr/bin/pkg-config
ac_cv_path_install='/usr/bin/install -c'
ac_cv_path_mkdir=/bin/mkdir
ac_cv_prog_AWK=gawk
ac_cv_prog_CPP='gcc -E'
ac_cv_prog_ac_ct_CC=gcc
ac_cv_prog_ac_ct_CXX=g++
ac_cv_prog_cc_c89=
ac_cv_prog_cc_g=yes
ac_cv_prog_cxx_g=yes
ac_cv_prog_make_make_set=yes
ac_cv_safe_to_define___extensions__=yes
acl_cv_hardcode_direct=no
acl_cv_hardcode_libdir_flag_spec='${wl}-rpath ${wl}$libdir'
acl_cv_hardcode_libdir_separator=
acl_cv_hardcode_minus_L=no
acl_cv_libext=a
acl_cv_path_LD=/usr/bin/ld
acl_cv_prog_gnu_ld=yes
acl_cv_rpath=done
acl_cv_shlibext=so
acl_cv_wl=-Wl,
am_cv_CC_dependencies_compiler_type=gcc3
am_cv_CXX_dependencies_compiler_type=gcc3
am_cv_make_support_nested_variables=yes
am_cv_prog_cc_c_o=yes
gt_cv_func_CFLocaleCopyCurrent=no
gt_cv_func_CFPreferencesCopyAppValue=no
gt_cv_func_gnugettext1_libc=yes
pkg_cv_DEP_CFLAGS='-pthread -I/usr/include/gtk-2.0 -I/usr/lib64/gtk-2.0/include -I/usr/include/pango-1.0 -I/usr/include/gio-unix-2.0/ -I/usr/include/cairo -I/usr/include/atk-1.0 -I/usr/include/cairo -I/usr/include/pixman-1 -I/usr/include/libdrm -I/usr/include/gdk-pixbuf-2.0 -I/usr/include/pango-1.0 -I/usr/include/fribidi -I/usr/include/uuid -I/usr/include/freetype2 -I/usr/include/libpng16 -I/usr/include/harfbuzz -I/usr/include/gconf/2 -I/usr/include/dbus-1.0 -I/usr/lib64/dbus-1.0/include -I/usr/include/glib-2.0 -I/usr/lib64/glib-2.0/include'
pkg_cv_DEP_LIBS='-lgtk-x11-2.0 -lgdk-x11-2.0 -lpangocairo-1.0 -lgio-2.0 -lXrender -lXinerama -lXi -lXrandr -lXcursor -lXcomposite -lXdamage -lXfixes -lX11 -lXext -latk-1.0 -lcairo -lgdk_pixbuf-2.0 -lgio-2.0 -lpangoft2-1.0 -lpango-1.0 -lgobject-2.0 -lfontconfig -lfreetype -lgconf-2 -lglib-2.0'

## ----------------- ##
## Output variables. ##
## ----------------- ##

ACLOCAL='${SHELL} /home/jrs/Builds/cryptkeeper/missing aclocal-1.16'
AMDEPBACKSLASH='\'
AMDEP_FALSE='#'
AMDEP_TRUE=''
AMTAR='$${TAR-tar}'
AM_BACKSLASH='\'
AM_DEFAULT_V='$(AM_DEFAULT_VERBOSITY)'
AM_DEFAULT_VERBOSITY='1'
AM_V='$(V)'
AUTOCONF='${SHELL} /home/jrs/Builds/cryptkeeper/missing autoconf'
AUTOHEADER='${SHELL} /home/jrs/Builds/cryptkeeper/missing autoheader'
AUTOMAKE='${SHELL} /home/jrs/Builds/cryptkeeper/missing automake-1.16'
AWK='gawk'
CC='gcc'
CCDEPMODE='depmode=gcc3'
CFLAGS='-g -O2 -pthread -I/usr/include/gtk-2.0 -I/usr/lib64/gtk-2.0/include -I/usr/include/pango-1.0 -I/usr/include/gio-unix-2.0/ -I/usr/include/cairo -I/usr/include/atk-1.0 -I/usr/include/cairo -I/usr/include/pixman-1 -I/usr/include/libdrm -I/usr/include/gdk-pixbuf-2.0 -I/usr/include/pango-1.0 -I/usr/include/fribidi -I/usr/include/uuid -I/usr/include/freetype2 -I/usr/include/libpng16 -I/usr/include/harfbuzz -I/usr/include/gconf/2 -I/usr/include/dbus-1.0 -I/usr/lib64/dbus-1.0/include -I/usr/include/glib-2.0 -I/usr/lib64/glib-2.0/include '
CPP='gcc -E'
CPPFLAGS=''
CXX='g++'
CXXDEPMODE='depmode=gcc3'
CXXFLAGS='-g -O2 -pthread -I/usr/include/gtk-2.0 -I/usr/lib64/gtk-2.0/include -I/usr/include/pango-1.0 -I/usr/include/gio-unix-2.0/ -I/usr/include/cairo -I/usr/include/atk-1.0 -I/usr/include/cairo -I/usr/include/pixman-1 -I/usr/include/libdrm -I/usr/include/gdk-pixbuf-2.0 -I/usr/include/pango-1.0 -I/usr/include/fribidi -I/usr/include/uuid -I/usr/include/freetype2 -I/usr/include/libpng16 -I/usr/include/harfbuzz -I/usr/include/gconf/2 -I/usr/include/dbus-1.0 -I/usr/lib64/dbus-1.0/include -I/usr/include/glib-2.0 -I/usr/lib64/glib-2.0/include '
CYGPATH_W='echo'
DEFS='-DHAVE_CONFIG_H'
DEPDIR='.deps'
DEP_CFLAGS='-pthread -I/usr/include/gtk-2.0 -I/usr/lib64/gtk-2.0/include -I/usr/include/pango-1.0 -I/usr/include/gio-unix-2.0/ -I/usr/include/cairo -I/usr/include/atk-1.0 -I/usr/include/cairo -I/usr/include/pixman-1 -I/usr/include/libdrm -I/usr/include/gdk-pixbuf-2.0 -I/usr/include/pango-1.0 -I/usr/include/fribidi -I/usr/include/uuid -I/usr/include/freetype2 -I/usr/include/libpng16 -I/usr/include/harfbuzz -I/usr/include/gconf/2 -I/usr/include/dbus-1.0 -I/usr/lib64/dbus-1.0/include -I/usr/include/glib-2.0 -I/usr/lib64/glib-2.0/include'
DEP_LIBS='-lgtk-x11-2.0 -lgdk-x11-2.0 -lpangocairo-1.0 -lgio-2.0 -lXrender -lXinerama -lXi -lXrandr -lXcursor -lXcomposite -lXdamage -lXfixes -lX11 -lXext -latk-1.0 -lcairo -lgdk_pixbuf-2.0 -lgio-2.0 -lpangoft2-1.0 -lpango-1.0 -lgobject-2.0 -lfontconfig -lfreetype -lgconf-2 -lglib-2.0'
ECHO_C=''
ECHO_N='-n'
ECHO_T=''
EGREP='/bin/grep -E'
EXEEXT=''
GMSGFMT='/usr/bin/msgfmt'
GMSGFMT_015='/usr/bin/msgfmt'
GREP='/bin/grep'
INSTALL_DATA='${INSTALL} -m 644'
INSTALL_PROGRAM='${INSTALL}'
INSTALL_SCRIPT='${INSTALL}'
INSTALL_STRIP_PROGRAM='$(install_sh) -c -s'
INTLLIBS=''
INTL_MACOSX_LIBS=''
LDFLAGS=''
LIBICONV='-liconv'
LIBINTL=''
LIBOBJS=''
LIBS='-lgtk-x11-2.0 -lgdk-x11-2.0 -lpangocairo-1.0 -lgio-2.0 -lXrender -lXinerama -lXi -lXrandr -lXcursor -lXcomposite -lXdamage -lXfixes -lX11 -lXext -latk-1.0 -lcairo -lgdk_pixbuf-2.0 -lgio-2.0 -lpangoft2-1.0 -lpango-1.0 -lgobject-2.0 -lfontconfig -lfreetype -lgconf-2 -lglib-2.0 '
LTLIBICONV='-liconv'
LTLIBINTL=''
LTLIBOBJS=''
MAKEINFO='${SHELL} /home/jrs/Builds/cryptkeeper/missing makeinfo'
MKDIR_P='/bin/mkdir -p'
MSGFMT='/usr/bin/msgfmt'
MSGFMT_015='/usr/bin/msgfmt'
MSGMERGE='/usr/bin/msgmerge'
OBJEXT='o'
PACKAGE='cryptkeeper'
PACKAGE_BUGREPORT='tomm@riseup.net'
PACKAGE_NAME='cryptkeeper'
PACKAGE_STRING='cryptkeeper 0.9.5'
PACKAGE_TARNAME='cryptkeeper'
PACKAGE_URL=''
PACKAGE_VERSION='0.9.5'
PATH_SEPARATOR=':'
PKG_CONFIG='/usr/bin/pkg-config'
PKG_CONFIG_LIBDIR=''
PKG_CONFIG_PATH=''
POSUB='po'
SET_MAKE=''
SHELL='/bin/sh'
STRIP=''
USE_NLS='yes'
VERSION='0.9.5'
XGETTEXT='/usr/bin/xgettext'
XGETTEXT_015='/usr/bin/xgettext'
ac_ct_CC='gcc'
ac_ct_CXX='g++'
am__EXEEXT_FALSE=''
am__EXEEXT_TRUE='#'
am__fastdepCC_FALSE='#'
am__fastdepCC_TRUE=''
am__fastdepCXX_FALSE='#'
am__fastdepCXX_TRUE=''
am__include='include'
am__isrc=''
am__leading_dot='.'
am__nodep='_no'
am__quote=''
am__tar='$${TAR-tar} chof - "$$tardir"'
am__untar='$${TAR-tar} xf -'
bindir='${exec_prefix}/bin'
build='x86_64-pc-linux-gnu'
build_alias=''
build_cpu='x86_64'
build_os='linux-gnu'
build_vendor='pc'
datadir='${datarootdir}'
datarootdir='${prefix}/share'
docdir='${datarootdir}/doc/${PACKAGE_TARNAME}'
dvidir='${docdir}'
exec_prefix='${prefix}'
host='x86_64-pc-linux-gnu'
host_alias=''
host_cpu='x86_64'
host_os='linux-gnu'
host_vendor='pc'
htmldir='${docdir}'
includedir='${prefix}/include'
infodir='${datarootdir}/info'
install_sh='${SHELL} /home/jrs/Builds/cryptkeeper/install-sh'
libdir='${exec_prefix}/lib'
libexecdir='${exec_prefix}/libexec'
localedir='${datarootdir}/locale'
localstatedir='${prefix}/var'
mandir='${datarootdir}/man'
mkdir_p='/bin/mkdir -p'
oldincludedir='/usr/include'
pdfdir='${docdir}'
prefix='/home/jrs/.local'
program_transform_name='s,x,x,'
psdir='${docdir}'
sbindir='${exec_prefix}/sbin'
sharedstatedir='${prefix}/com'
sysconfdir='${prefix}/etc'
target_alias=''

## ----------- ##
## confdefs.h. ##
## ----------- ##

/* confdefs.h */
#define PACKAGE_NAME "cryptkeeper"
#define PACKAGE_TARNAME "cryptkeeper"
#define PACKAGE_VERSION "0.9.5"
#define PACKAGE_STRING "cryptkeeper 0.9.5"
#define PACKAGE_BUGREPORT "tomm@riseup.net"
#define PACKAGE_URL ""
#define PACKAGE "cryptkeeper"
#define VERSION "0.9.5"
#define STDC_HEADERS 1
#define HAVE_SYS_TYPES_H 1
#define HAVE_SYS_STAT_H 1
#define HAVE_STDLIB_H 1
#define HAVE_STRING_H 1
#define HAVE_MEMORY_H 1
#define HAVE_STRINGS_H 1
#define HAVE_INTTYPES_H 1
#define HAVE_STDINT_H 1
#define HAVE_UNISTD_H 1
#define __EXTENSIONS__ 1
#define _ALL_SOURCE 1
#define _GNU_SOURCE 1
#define _POSIX_PTHREAD_SEMANTICS 1
#define _TANDEM_SOURCE 1
#define STDC_HEADERS 1
#define ENABLE_NLS 1
#define HAVE_GETTEXT 1
#define HAVE_DCGETTEXT 1

configure: exit 0
